<?xml version="1.0" encoding="UTF-8"?>
<testsuite name="com.kodilla.stream.sand.TestSandBeansSuite" tests="2" skipped="0" failures="0" errors="0" timestamp="2020-12-17T17:57:57" hostname="LAPTOP-B9UVV4I7" time="0.003">
  <properties/>
  <testcase name="testGetSandBeansQuantity" classname="com.kodilla.stream.sand.TestSandBeansSuite" time="0.002"/>
  <testcase name="testGetSandBeansQuantityWithReduce" classname="com.kodilla.stream.sand.TestSandBeansSuite" time="0.001"/>
  <system-out><![CDATA[]]></system-out>
  <system-err><![CDATA[]]></system-err>
</testsuite>
