<?xml version="1.0" encoding="UTF-8"?>
<testsuite name="com.kodilla.spring.SpringRunnerTest" tests="1" skipped="0" failures="0" errors="0" timestamp="2020-11-26T18:13:07" hostname="LAPTOP-B9UVV4I7" time="0.001">
  <properties/>
  <testcase name="contextLoad" classname="com.kodilla.spring.SpringRunnerTest" time="0.001"/>
  <system-out><![CDATA[2020-11-26 19:13:07.088  INFO 7968 --- [    Test worker] .b.t.c.SpringBootTestContextBootstrapper : Neither @ContextConfiguration nor @ContextHierarchy found for test class [com.kodilla.spring.SpringRunnerTest], using SpringBootContextLoader
2020-11-26 19:13:07.089  INFO 7968 --- [    Test worker] o.s.t.c.support.AbstractContextLoader    : Could not detect default resource locations for test class [com.kodilla.spring.SpringRunnerTest]: no resource found for suffixes {-context.xml, Context.groovy}.
2020-11-26 19:13:07.089  INFO 7968 --- [    Test worker] t.c.s.AnnotationConfigContextLoaderUtils : Could not detect default configuration classes for test class [com.kodilla.spring.SpringRunnerTest]: SpringRunnerTest does not declare any static, non-private, non-final, nested classes annotated with @Configuration.
2020-11-26 19:13:07.095  INFO 7968 --- [    Test worker] .b.t.c.SpringBootTestContextBootstrapper : Found @SpringBootConfiguration com.kodilla.spring.SpringRunner for test class com.kodilla.spring.SpringRunnerTest
2020-11-26 19:13:07.097  INFO 7968 --- [    Test worker] .b.t.c.SpringBootTestContextBootstrapper : Loaded default TestExecutionListener class names from location [META-INF/spring.factories]: [org.springframework.boot.test.autoconfigure.restdocs.RestDocsTestExecutionListener, org.springframework.boot.test.autoconfigure.web.client.MockRestServiceServerResetTestExecutionListener, org.springframework.boot.test.autoconfigure.web.servlet.MockMvcPrintOnlyOnFailureTestExecutionListener, org.springframework.boot.test.autoconfigure.web.servlet.WebDriverTestExecutionListener, org.springframework.boot.test.mock.mockito.MockitoTestExecutionListener, org.springframework.boot.test.mock.mockito.ResetMocksTestExecutionListener, org.springframework.test.context.web.ServletTestExecutionListener, org.springframework.test.context.support.DirtiesContextBeforeModesTestExecutionListener, org.springframework.test.context.support.DependencyInjectionTestExecutionListener, org.springframework.test.context.support.DirtiesContextTestExecutionListener, org.springframework.test.context.transaction.TransactionalTestExecutionListener, org.springframework.test.context.jdbc.SqlScriptsTestExecutionListener]
2020-11-26 19:13:07.098  INFO 7968 --- [    Test worker] .b.t.c.SpringBootTestContextBootstrapper : Using TestExecutionListeners: [org.springframework.test.context.support.DirtiesContextBeforeModesTestExecutionListener@6994c6c, org.springframework.boot.test.mock.mockito.MockitoTestExecutionListener@6b2e7e8b, org.springframework.boot.test.autoconfigure.SpringBootDependencyInjectionTestExecutionListener@454815fa, org.springframework.test.context.support.DirtiesContextTestExecutionListener@1a507667, org.springframework.boot.test.autoconfigure.restdocs.RestDocsTestExecutionListener@56e6b36d, org.springframework.boot.test.autoconfigure.web.client.MockRestServiceServerResetTestExecutionListener@4e24551c, org.springframework.boot.test.autoconfigure.web.servlet.MockMvcPrintOnlyOnFailureTestExecutionListener@4b466ee7, org.springframework.boot.test.autoconfigure.web.servlet.WebDriverTestExecutionListener@52bccaa6, org.springframework.boot.test.mock.mockito.ResetMocksTestExecutionListener@31226647]
]]></system-out>
  <system-err><![CDATA[]]></system-err>
</testsuite>
