<?xml version="1.0" encoding="UTF-8"?>
<testsuite name="com.kodilla.spring.portfolio.BoardConfigTestSuite" tests="1" skipped="0" failures="0" errors="0" timestamp="2020-12-17T17:57:54" hostname="LAPTOP-B9UVV4I7" time="0.013">
  <properties/>
  <testcase name="addTasks" classname="com.kodilla.spring.portfolio.BoardConfigTestSuite" time="0.013"/>
  <system-out><![CDATA[2020-12-17 18:57:54.620  INFO 10516 --- [    Test worker] .b.t.c.SpringBootTestContextBootstrapper : Neither @ContextConfiguration nor @ContextHierarchy found for test class [com.kodilla.spring.portfolio.BoardConfigTestSuite], using SpringBootContextLoader
2020-12-17 18:57:54.620  INFO 10516 --- [    Test worker] o.s.t.c.support.AbstractContextLoader    : Could not detect default resource locations for test class [com.kodilla.spring.portfolio.BoardConfigTestSuite]: no resource found for suffixes {-context.xml, Context.groovy}.
2020-12-17 18:57:54.620  INFO 10516 --- [    Test worker] t.c.s.AnnotationConfigContextLoaderUtils : Could not detect default configuration classes for test class [com.kodilla.spring.portfolio.BoardConfigTestSuite]: BoardConfigTestSuite does not declare any static, non-private, non-final, nested classes annotated with @Configuration.
2020-12-17 18:57:54.627  INFO 10516 --- [    Test worker] .b.t.c.SpringBootTestContextBootstrapper : Found @SpringBootConfiguration com.kodilla.spring.SpringRunner for test class com.kodilla.spring.portfolio.BoardConfigTestSuite
2020-12-17 18:57:54.629  INFO 10516 --- [    Test worker] .b.t.c.SpringBootTestContextBootstrapper : Loaded default TestExecutionListener class names from location [META-INF/spring.factories]: [org.springframework.boot.test.autoconfigure.restdocs.RestDocsTestExecutionListener, org.springframework.boot.test.autoconfigure.web.client.MockRestServiceServerResetTestExecutionListener, org.springframework.boot.test.autoconfigure.web.servlet.MockMvcPrintOnlyOnFailureTestExecutionListener, org.springframework.boot.test.autoconfigure.web.servlet.WebDriverTestExecutionListener, org.springframework.boot.test.mock.mockito.MockitoTestExecutionListener, org.springframework.boot.test.mock.mockito.ResetMocksTestExecutionListener, org.springframework.test.context.web.ServletTestExecutionListener, org.springframework.test.context.support.DirtiesContextBeforeModesTestExecutionListener, org.springframework.test.context.support.DependencyInjectionTestExecutionListener, org.springframework.test.context.support.DirtiesContextTestExecutionListener, org.springframework.test.context.transaction.TransactionalTestExecutionListener, org.springframework.test.context.jdbc.SqlScriptsTestExecutionListener]
2020-12-17 18:57:54.630  INFO 10516 --- [    Test worker] .b.t.c.SpringBootTestContextBootstrapper : Using TestExecutionListeners: [org.springframework.test.context.support.DirtiesContextBeforeModesTestExecutionListener@71224023, org.springframework.boot.test.mock.mockito.MockitoTestExecutionListener@14da9fc7, org.springframework.boot.test.autoconfigure.SpringBootDependencyInjectionTestExecutionListener@6e1c2710, org.springframework.test.context.support.DirtiesContextTestExecutionListener@341646c5, org.springframework.boot.test.autoconfigure.restdocs.RestDocsTestExecutionListener@57d63b3c, org.springframework.boot.test.autoconfigure.web.client.MockRestServiceServerResetTestExecutionListener@17b2a2a6, org.springframework.boot.test.autoconfigure.web.servlet.MockMvcPrintOnlyOnFailureTestExecutionListener@189933e7, org.springframework.boot.test.autoconfigure.web.servlet.WebDriverTestExecutionListener@1e3f6e5f, org.springframework.boot.test.mock.mockito.ResetMocksTestExecutionListener@7856b97f]
2020-12-17 18:57:54.634  INFO 10516 --- [    Test worker] s.c.a.AnnotationConfigApplicationContext : Refreshing org.springframework.context.annotation.AnnotationConfigApplicationContext@7af38341: startup date [Thu Dec 17 18:57:54 CET 2020]; root of context hierarchy
Done Task
]]></system-out>
  <system-err><![CDATA[]]></system-err>
</testsuite>
