<?xml version="1.0" encoding="UTF-8"?>
<testsuite name="com.kodilla.spring.portfolio.BoardConfigTestSuite" tests="1" skipped="0" failures="0" errors="0" timestamp="2020-11-26T18:13:07" hostname="LAPTOP-B9UVV4I7" time="0.014">
  <properties/>
  <testcase name="addTasks" classname="com.kodilla.spring.portfolio.BoardConfigTestSuite" time="0.014"/>
  <system-out><![CDATA[2020-11-26 19:13:07.042  INFO 7968 --- [    Test worker] .b.t.c.SpringBootTestContextBootstrapper : Neither @ContextConfiguration nor @ContextHierarchy found for test class [com.kodilla.spring.portfolio.BoardConfigTestSuite], using SpringBootContextLoader
2020-11-26 19:13:07.043  INFO 7968 --- [    Test worker] o.s.t.c.support.AbstractContextLoader    : Could not detect default resource locations for test class [com.kodilla.spring.portfolio.BoardConfigTestSuite]: no resource found for suffixes {-context.xml, Context.groovy}.
2020-11-26 19:13:07.043  INFO 7968 --- [    Test worker] t.c.s.AnnotationConfigContextLoaderUtils : Could not detect default configuration classes for test class [com.kodilla.spring.portfolio.BoardConfigTestSuite]: BoardConfigTestSuite does not declare any static, non-private, non-final, nested classes annotated with @Configuration.
2020-11-26 19:13:07.048  INFO 7968 --- [    Test worker] .b.t.c.SpringBootTestContextBootstrapper : Found @SpringBootConfiguration com.kodilla.spring.SpringRunner for test class com.kodilla.spring.portfolio.BoardConfigTestSuite
2020-11-26 19:13:07.050  INFO 7968 --- [    Test worker] .b.t.c.SpringBootTestContextBootstrapper : Loaded default TestExecutionListener class names from location [META-INF/spring.factories]: [org.springframework.boot.test.autoconfigure.restdocs.RestDocsTestExecutionListener, org.springframework.boot.test.autoconfigure.web.client.MockRestServiceServerResetTestExecutionListener, org.springframework.boot.test.autoconfigure.web.servlet.MockMvcPrintOnlyOnFailureTestExecutionListener, org.springframework.boot.test.autoconfigure.web.servlet.WebDriverTestExecutionListener, org.springframework.boot.test.mock.mockito.MockitoTestExecutionListener, org.springframework.boot.test.mock.mockito.ResetMocksTestExecutionListener, org.springframework.test.context.web.ServletTestExecutionListener, org.springframework.test.context.support.DirtiesContextBeforeModesTestExecutionListener, org.springframework.test.context.support.DependencyInjectionTestExecutionListener, org.springframework.test.context.support.DirtiesContextTestExecutionListener, org.springframework.test.context.transaction.TransactionalTestExecutionListener, org.springframework.test.context.jdbc.SqlScriptsTestExecutionListener]
2020-11-26 19:13:07.051  INFO 7968 --- [    Test worker] .b.t.c.SpringBootTestContextBootstrapper : Using TestExecutionListeners: [org.springframework.test.context.support.DirtiesContextBeforeModesTestExecutionListener@2c05a644, org.springframework.boot.test.mock.mockito.MockitoTestExecutionListener@23c1abe9, org.springframework.boot.test.autoconfigure.SpringBootDependencyInjectionTestExecutionListener@3f81800b, org.springframework.test.context.support.DirtiesContextTestExecutionListener@2c0dc9b6, org.springframework.boot.test.autoconfigure.restdocs.RestDocsTestExecutionListener@2dbb6df5, org.springframework.boot.test.autoconfigure.web.client.MockRestServiceServerResetTestExecutionListener@30b1548, org.springframework.boot.test.autoconfigure.web.servlet.MockMvcPrintOnlyOnFailureTestExecutionListener@30b94cfa, org.springframework.boot.test.autoconfigure.web.servlet.WebDriverTestExecutionListener@723b7322, org.springframework.boot.test.mock.mockito.ResetMocksTestExecutionListener@4197c55]
2020-11-26 19:13:07.054  INFO 7968 --- [    Test worker] s.c.a.AnnotationConfigApplicationContext : Refreshing org.springframework.context.annotation.AnnotationConfigApplicationContext@5fe388cb: startup date [Thu Nov 26 19:13:07 CET 2020]; root of context hierarchy
Done Task
]]></system-out>
  <system-err><![CDATA[]]></system-err>
</testsuite>
