<?xml version="1.0" encoding="UTF-8"?>
<testsuite name="com.kodilla.patterns.prototype.library.LibraryTestSuite" tests="1" skipped="0" failures="0" errors="0" timestamp="2020-12-17T17:57:50" hostname="LAPTOP-B9UVV4I7" time="0.006">
  <properties/>
  <testcase name="testGetBooks" classname="com.kodilla.patterns.prototype.library.LibraryTestSuite" time="0.006"/>
  <system-out><![CDATA[ Library [ no. 1 Library ] 
Book{title='title2', author='Mickiewicz2', publicationDate=2002-06-12}
Book{title='title3', author='Mickiewicz3', publicationDate=2001-03-17}

 Library [shallow copy ] 
Book{title='title2', author='Mickiewicz2', publicationDate=2002-06-12}
Book{title='title3', author='Mickiewicz3', publicationDate=2001-03-17}

 Library [deep copy ] 
Book{title='title3', author='Mickiewicz3', publicationDate=2001-03-17}
Book{title='title', author='Mickiewicz', publicationDate=2003-04-16}
Book{title='title2', author='Mickiewicz2', publicationDate=2002-06-12}

]]></system-out>
  <system-err><![CDATA[]]></system-err>
</testsuite>
