<?xml version="1.0" encoding="UTF-8"?>
<testsuite name="com.kodilla.patterns.strategy.TestCustomerSuite" tests="2" skipped="0" failures="0" errors="0" timestamp="2020-11-29T15:58:22" hostname="LAPTOP-B9UVV4I7" time="0.006">
  <properties/>
  <testcase name="testIndividualInvestingStrategy" classname="com.kodilla.patterns.strategy.TestCustomerSuite" time="0.004"/>
  <testcase name="testDefaultInvestingStrategies" classname="com.kodilla.patterns.strategy.TestCustomerSuite" time="0.002"/>
  <system-out><![CDATA[Steven should: [Conservative predictor] Buy debentures of XYZ
Steven now should: [Aggressive predictor] Buy stock of XYZ
Steven should: [Conservative predictor] Buy debentures of XYZ
John should: [Aggressive predictor] Buy stock of XYZ
Kodilla should: [Balanced predictor] Buy shared units of Fund XYZ
]]></system-out>
  <system-err><![CDATA[]]></system-err>
</testsuite>
