<?xml version="1.0" encoding="UTF-8"?>
<testsuite name="com.kodilla.patterns.factory.tasks.TasksTestSuite" tests="1" skipped="0" failures="0" errors="0" timestamp="2020-12-17T17:57:50" hostname="LAPTOP-B9UVV4I7" time="0.002">
  <properties/>
  <testcase name="taskStrategyPatternTest" classname="com.kodilla.patterns.factory.tasks.TasksTestSuite" time="0.002"/>
  <system-out><![CDATA[shoppingTask
paintingTask
]]></system-out>
  <system-err><![CDATA[]]></system-err>
</testsuite>
