<?xml version="1.0" encoding="UTF-8"?>
<testsuite name="com.kodilla.patterns.singleton.LoggerTestSuite" tests="1" skipped="0" failures="0" errors="0" timestamp="2020-12-17T17:57:50" hostname="LAPTOP-B9UVV4I7" time="0.0">
  <properties/>
  <testcase name="getLastLog" classname="com.kodilla.patterns.singleton.LoggerTestSuite" time="0.0"/>
  <system-out><![CDATA[Log: [this is first log]
this is first log
]]></system-out>
  <system-err><![CDATA[]]></system-err>
</testsuite>
